mode: set
musicbot/utils/utils.go:11.61,12.41 1 1
musicbot/utils/utils.go:16.2,16.18 1 1
musicbot/utils/utils.go:12.41,14.3 1 1
musicbot/utils/utils.go:20.69,21.52 1 1
musicbot/utils/utils.go:25.2,25.18 1 1
musicbot/utils/utils.go:21.52,23.3 1 1
musicbot/utils/utils.go:29.99,30.74 1 1
musicbot/utils/utils.go:34.2,42.8 9 0
musicbot/utils/utils.go:30.74,33.3 2 1
musicbot/utils/utils.go:46.77,47.38 1 1
musicbot/utils/utils.go:51.2,54.8 4 0
musicbot/utils/utils.go:47.38,50.3 2 1
musicbot/utils/utils.go:58.37,63.25 4 1
musicbot/utils/utils.go:67.2,67.12 1 1
musicbot/utils/utils.go:63.25,65.3 1 1
musicbot/bot/bot.go:60.20,70.2 5 1
musicbot/bot/bot.go:72.35,74.16 2 0
musicbot/bot/bot.go:79.2,87.16 4 0
musicbot/bot/bot.go:92.2,100.12 5 0
musicbot/bot/bot.go:74.16,77.3 2 0
musicbot/bot/bot.go:87.16,90.3 2 0
musicbot/bot/bot.go:103.79,104.36 1 0
musicbot/bot/bot.go:108.2,108.28 1 0
musicbot/bot/bot.go:113.2,113.32 1 0
musicbot/bot/bot.go:118.2,118.26 1 0
musicbot/bot/bot.go:140.2,140.42 1 0
musicbot/bot/bot.go:146.2,146.42 1 0
musicbot/bot/bot.go:151.2,151.46 1 0
musicbot/bot/bot.go:159.2,159.54 1 0
musicbot/bot/bot.go:164.2,164.47 1 0
musicbot/bot/bot.go:169.2,169.54 1 0
musicbot/bot/bot.go:176.2,176.58 1 0
musicbot/bot/bot.go:183.2,183.43 1 0
musicbot/bot/bot.go:198.2,198.42 1 0
musicbot/bot/bot.go:104.36,106.3 1 0
musicbot/bot/bot.go:108.28,111.3 2 0
musicbot/bot/bot.go:113.32,116.3 2 0
musicbot/bot/bot.go:118.26,120.17 2 0
musicbot/bot/bot.go:124.3,125.17 2 0
musicbot/bot/bot.go:129.3,129.36 1 0
musicbot/bot/bot.go:136.3,137.9 2 0
musicbot/bot/bot.go:120.17,122.4 1 0
musicbot/bot/bot.go:125.17,127.4 1 0
musicbot/bot/bot.go:129.36,130.32 1 0
musicbot/bot/bot.go:130.32,133.5 2 0
musicbot/bot/bot.go:140.42,144.3 3 0
musicbot/bot/bot.go:146.42,149.3 2 0
musicbot/bot/bot.go:151.46,157.3 4 0
musicbot/bot/bot.go:159.54,162.3 2 0
musicbot/bot/bot.go:164.47,167.3 2 0
musicbot/bot/bot.go:169.54,170.26 1 0
musicbot/bot/bot.go:173.3,173.9 1 0
musicbot/bot/bot.go:170.26,172.4 1 0
musicbot/bot/bot.go:176.58,177.26 1 0
musicbot/bot/bot.go:180.3,180.9 1 0
musicbot/bot/bot.go:177.26,179.4 1 0
musicbot/bot/bot.go:183.43,184.26 1 0
musicbot/bot/bot.go:194.3,195.9 2 0
musicbot/bot/bot.go:184.26,185.27 1 0
musicbot/bot/bot.go:189.4,191.10 3 0
musicbot/bot/bot.go:185.27,188.5 2 0
musicbot/bot/bot.go:198.42,200.3 1 0
musicbot/bot/bot.go:203.52,204.15 1 0
musicbot/bot/bot.go:210.2,210.67 1 0
musicbot/bot/bot.go:204.15,208.3 3 0
musicbot/bot/bot.go:213.93,216.2 2 0
musicbot/bot/bot.go:219.101,224.25 5 0
musicbot/bot/bot.go:228.2,230.13 2 0
musicbot/bot/bot.go:224.25,226.3 1 0
musicbot/bot/bot.go:234.98,236.9 2 0
musicbot/bot/bot.go:239.2,240.48 2 0
musicbot/bot/bot.go:245.2,246.13 2 0
musicbot/bot/bot.go:236.9,238.3 1 0
musicbot/bot/bot.go:240.48,243.3 2 0
musicbot/bot/bot.go:249.132,252.9 3 1
musicbot/bot/bot.go:255.2,258.29 3 1
musicbot/bot/bot.go:263.2,263.39 1 1
musicbot/bot/bot.go:267.2,268.39 2 0
musicbot/bot/bot.go:272.2,273.9 2 0
musicbot/bot/bot.go:276.2,276.28 1 0
musicbot/bot/bot.go:252.9,254.3 1 1
musicbot/bot/bot.go:258.29,261.3 2 0
musicbot/bot/bot.go:263.39,265.3 1 1
musicbot/bot/bot.go:268.39,270.3 1 0
musicbot/bot/bot.go:273.9,275.3 1 0
musicbot/bot/bot.go:280.40,281.12 1 1
musicbot/bot/bot.go:281.12,286.3 1 1
musicbot/bot/bot.go:290.40,291.12 1 0
musicbot/bot/bot.go:291.12,294.3 1 0
musicbot/bot/bot.go:300.57,302.28 2 0
musicbot/bot/bot.go:306.2,306.45 1 0
musicbot/bot/bot.go:302.28,305.3 2 0
musicbot/bot/bot.go:306.45,307.13 1 0
musicbot/bot/bot.go:307.13,311.4 3 0
musicbot/bot/bot.go:316.112,319.16 2 0
musicbot/bot/bot.go:323.2,325.11 3 0
musicbot/bot/bot.go:319.16,321.3 1 0
musicbot/bot/bot.go:329.93,333.2 2 0
musicbot/bot/bot.go:336.109,338.9 2 0
musicbot/bot/bot.go:342.2,344.9 3 0
musicbot/bot/bot.go:349.2,349.25 1 0
musicbot/bot/bot.go:354.2,354.13 1 0
musicbot/bot/bot.go:358.2,360.38 2 0
musicbot/bot/bot.go:338.9,341.3 2 0
musicbot/bot/bot.go:344.9,347.3 2 0
musicbot/bot/bot.go:349.25,352.3 2 0
musicbot/bot/bot.go:354.13,356.3 1 0
musicbot/bot/bot.go:360.38,363.10 2 0
musicbot/bot/bot.go:368.3,368.49 1 0
musicbot/bot/bot.go:372.3,372.9 1 0
musicbot/bot/bot.go:363.10,366.4 2 0
musicbot/bot/bot.go:368.49,370.4 1 0
musicbot/bot/bot.go:377.53,379.9 2 1
musicbot/bot/bot.go:382.2,383.13 2 1
musicbot/bot/bot.go:379.9,381.3 1 1
musicbot/bot/bot.go:387.44,389.11 2 1
musicbot/bot/bot.go:392.2,395.11 4 1
musicbot/bot/bot.go:389.11,391.3 1 1
musicbot/bot/bot.go:399.77,401.2 1 1
musicbot/bot/bot.go:403.80,406.2 2 0
